{"name":"executionSuite","status":"broken","statusDetails":{"known":false,"muted":false,"flaky":false,"message":" Error In Member Info Page  ---> org.openqa.selenium.NoSuchElementException: no such element: Unable to locate element: {\"method\":\"xpath\",\"selector\":\"//label[@id='Member Name'][contains(text(),'Automationsona')]//preceding::a[2]\"}\n  (Session info: chrome=107.0.5304.107)\nFor documentation on this error, please visit: http://seleniumhq.org/exceptions/no_such_element.html\nBuild info: version: '3.14.0', revision: 'aacccce0', time: '2018-08-02T20:19:58.91Z'\nSystem info: host: 'DTGY872S2', ip: '10.22.126.153', os.name: 'Windows 10', os.arch: 'amd64', os.version: '10.0', java.version: '1.8.0_191'\nDriver info: org.openqa.selenium.chrome.ChromeDriver\nCapabilities {acceptInsecureCerts: false, browserName: chrome, browserVersion: 107.0.5304.107, chrome: {chromedriverVersion: 107.0.5304.62 (1eec40d3a576..., userDataDir: C:\\Users\\70353\\AppData\\Loca...}, goog:chromeOptions: {debuggerAddress: localhost:64650}, javascriptEnabled: true, networkConnectionEnabled: false, pageLoadStrategy: normal, platform: WINDOWS, platformName: WINDOWS, proxy: Proxy(), setWindowRect: true, strictFileInteractability: false, timeouts: {implicit: 0, pageLoad: 300000, script: 30000}, unhandledPromptBehavior: dismiss and notify, webauthn:extension:credBlob: true, webauthn:extension:largeBlob: true, webauthn:virtualAuthenticators: true}\nSession ID: b9b355dfc12409371b4f67e26b2ffe10\n*** Element info: {Using=xpath, value=//label[@id='Member Name'][contains(text(),'Automationsona')]//preceding::a[2]}","trace":"java.lang.Exception:  Error In Member Info Page  ---> org.openqa.selenium.NoSuchElementException: no such element: Unable to locate element: {\"method\":\"xpath\",\"selector\":\"//label[@id='Member Name'][contains(text(),'Automationsona')]//preceding::a[2]\"}\n  (Session info: chrome=107.0.5304.107)\nFor documentation on this error, please visit: http://seleniumhq.org/exceptions/no_such_element.html\nBuild info: version: '3.14.0', revision: 'aacccce0', time: '2018-08-02T20:19:58.91Z'\nSystem info: host: 'DTGY872S2', ip: '10.22.126.153', os.name: 'Windows 10', os.arch: 'amd64', os.version: '10.0', java.version: '1.8.0_191'\nDriver info: org.openqa.selenium.chrome.ChromeDriver\nCapabilities {acceptInsecureCerts: false, browserName: chrome, browserVersion: 107.0.5304.107, chrome: {chromedriverVersion: 107.0.5304.62 (1eec40d3a576..., userDataDir: C:\\Users\\70353\\AppData\\Loca...}, goog:chromeOptions: {debuggerAddress: localhost:64650}, javascriptEnabled: true, networkConnectionEnabled: false, pageLoadStrategy: normal, platform: WINDOWS, platformName: WINDOWS, proxy: Proxy(), setWindowRect: true, strictFileInteractability: false, timeouts: {implicit: 0, pageLoad: 300000, script: 30000}, unhandledPromptBehavior: dismiss and notify, webauthn:extension:credBlob: true, webauthn:extension:largeBlob: true, webauthn:virtualAuthenticators: true}\nSession ID: b9b355dfc12409371b4f67e26b2ffe10\n*** Element info: {Using=xpath, value=//label[@id='Member Name'][contains(text(),'Automationsona')]//preceding::a[2]}\r\n\tat HealthPages.MemberInfoPage.FillMemberInfoPageDetails(MemberInfoPage.java:370)\r\n\tat HealthPages.QuickQuoteInformationPage.FillMemberInfo(QuickQuoteInformationPage.java:82)\r\n\tat HealthPages.QuickQuoteInformationPage.FillTabOfQuickQuote(QuickQuoteInformationPage.java:118)\r\n\tat stepDefination.StepDefination.fillQuickQuoteInformation(StepDefination.java:68)\r\n\tat stepDefination.StepKeyword.executeTestStep(StepKeyword.java:41)\r\n\tat testRunner.TestExecutionSuite.executionSuite(TestExecutionSuite.java:209)\r\n\tat sun.reflect.NativeMethodAccessorImpl.invoke0(Native Method)\r\n\tat sun.reflect.NativeMethodAccessorImpl.invoke(Unknown Source)\r\n\tat sun.reflect.DelegatingMethodAccessorImpl.invoke(Unknown Source)\r\n\tat java.lang.reflect.Method.invoke(Unknown Source)\r\n\tat org.testng.internal.MethodInvocationHelper.invokeMethod(MethodInvocationHelper.java:86)\r\n\tat org.testng.internal.Invoker.invokeMethod(Invoker.java:645)\r\n\tat org.testng.internal.Invoker.invokeTestMethod(Invoker.java:822)\r\n\tat org.testng.internal.Invoker.invokeTestMethods(Invoker.java:1130)\r\n\tat org.testng.internal.TestMethodWorker.invokeTestMethods(TestMethodWorker.java:129)\r\n\tat org.testng.internal.TestMethodWorker.run(TestMethodWorker.java:112)\r\n\tat org.testng.TestRunner.privateRun(TestRunner.java:782)\r\n\tat org.testng.TestRunner.run(TestRunner.java:632)\r\n\tat org.testng.SuiteRunner.runTest(SuiteRunner.java:366)\r\n\tat org.testng.SuiteRunner.access$000(SuiteRunner.java:39)\r\n\tat org.testng.SuiteRunner$SuiteWorker.run(SuiteRunner.java:400)\r\n\tat org.testng.internal.thread.ThreadUtil$2.call(ThreadUtil.java:64)\r\n\tat java.util.concurrent.FutureTask.run(Unknown Source)\r\n\tat java.util.concurrent.ThreadPoolExecutor.runWorker(Unknown Source)\r\n\tat java.util.concurrent.ThreadPoolExecutor$Worker.run(Unknown Source)\r\n\tat java.lang.Thread.run(Unknown Source)\r\n"},"stage":"finished","steps":[],"attachments":[],"parameters":[{"name":"ScriptReference","value":"ActivePolicy"},{"name":"ScenarioID","value":"Health_GroupArogyaSan-PolicyCreation_TC_008"},{"name":"Description","value":"Check for below Scenario,\nProduct Name : Group Aarogya Sanjeevani\nPolicy Plan : Family Floater\nBusiness Type : New Business\nMembers : 4A + 3C (Self + Spouse + Mother+ Father + Child 1,Child 2,Child 3)\nHighest Member Age Band  : 36Y-45Y\nHealth Loading (Alochol, tobacco, smoking,BMI,Asthma,Diabetes, Hyperlipidemia,Hypothyroidism,Hypertension) : \nHealth Loading Self : No(smoking,alchohol,tobbacco)\nHealth Loading Spouse : No(smoking,alchohol,tobbacco)\nHealth Loading Mother : No(smoking,alchohol,tobbacco)\nHealth Loading Father : No(smoking,alchohol,tobbacco)\nHealth Loading Child 1 : No(smoking,alchohol,tobbacco)\nHealth Loading Child 2 : No(smoking,alchohol,tobbacco)\nHealth Loading Child 3 : No(smoking,alchohol,tobbacco)\nSI : 250000"},{"name":"Product","value":"GroupArogya_Sanjeevani"},{"name":"TestData_RepositoryFile","value":"TestDataSuite\\0002_HealthTestDataSuite_SBI.xlsx"},{"name":"Module","value":"PolicyCreation"},{"name":"LOB","value":"Health"}],"start":1668519892525,"stop":1668521097424,"uuid":"0049d9eb-c635-4f5d-b10e-8efeae10ef14","historyId":"a31b5a3d619d234d6b67412cb400676d","fullName":"testRunner.TestExecutionSuite.executionSuite","labels":[{"name":"package","value":"testRunner.TestExecutionSuite"},{"name":"testClass","value":"testRunner.TestExecutionSuite"},{"name":"testMethod","value":"executionSuite"},{"name":"parentSuite","value":"Health"},{"name":"suite","value":"Health_GroupArogyaSan-PolicyCreation_TC_008"},{"name":"subSuite","value":"testRunner.TestExecutionSuite"},{"name":"host","value":"DTGY872S2"},{"name":"thread","value":"9588@DTGY872S2.TestNG(16)"},{"name":"framework","value":"testng"},{"name":"language","value":"java"}],"links":[]}