{"name":"executionSuite","status":"broken","statusDetails":{"known":false,"muted":false,"flaky":false,"message":" Error In Member Info Page  ---> org.openqa.selenium.TimeoutException: Expected condition failed: waiting for util.GenericMethods$4@29c921d1 (tried for 30 second(s) with 100 milliseconds interval)\nBuild info: version: '3.14.0', revision: 'aacccce0', time: '2018-08-02T20:19:58.91Z'\nSystem info: host: 'DTGY872S2', ip: '10.22.126.153', os.name: 'Windows 10', os.arch: 'amd64', os.version: '10.0', java.version: '1.8.0_191'\nDriver info: org.openqa.selenium.chrome.ChromeDriver\nCapabilities {acceptInsecureCerts: false, browserName: chrome, browserVersion: 106.0.5249.119, chrome: {chromedriverVersion: 105.0.5195.52 (412c95e51883..., userDataDir: C:\\Users\\70353\\AppData\\Loca...}, goog:chromeOptions: {debuggerAddress: localhost:52537}, javascriptEnabled: true, networkConnectionEnabled: false, pageLoadStrategy: normal, platform: WINDOWS, platformName: WINDOWS, proxy: Proxy(), setWindowRect: true, strictFileInteractability: false, timeouts: {implicit: 0, pageLoad: 300000, script: 30000}, unhandledPromptBehavior: dismiss and notify, webauthn:extension:credBlob: true, webauthn:extension:largeBlob: true, webauthn:virtualAuthenticators: true}\nSession ID: 3763718a9e0c54be8acadf654e28050a","trace":"java.lang.Exception:  Error In Member Info Page  ---> org.openqa.selenium.TimeoutException: Expected condition failed: waiting for util.GenericMethods$4@29c921d1 (tried for 30 second(s) with 100 milliseconds interval)\nBuild info: version: '3.14.0', revision: 'aacccce0', time: '2018-08-02T20:19:58.91Z'\nSystem info: host: 'DTGY872S2', ip: '10.22.126.153', os.name: 'Windows 10', os.arch: 'amd64', os.version: '10.0', java.version: '1.8.0_191'\nDriver info: org.openqa.selenium.chrome.ChromeDriver\nCapabilities {acceptInsecureCerts: false, browserName: chrome, browserVersion: 106.0.5249.119, chrome: {chromedriverVersion: 105.0.5195.52 (412c95e51883..., userDataDir: C:\\Users\\70353\\AppData\\Loca...}, goog:chromeOptions: {debuggerAddress: localhost:52537}, javascriptEnabled: true, networkConnectionEnabled: false, pageLoadStrategy: normal, platform: WINDOWS, platformName: WINDOWS, proxy: Proxy(), setWindowRect: true, strictFileInteractability: false, timeouts: {implicit: 0, pageLoad: 300000, script: 30000}, unhandledPromptBehavior: dismiss and notify, webauthn:extension:credBlob: true, webauthn:extension:largeBlob: true, webauthn:virtualAuthenticators: true}\nSession ID: 3763718a9e0c54be8acadf654e28050a\r\n\tat HealthPages.MemberInfoPage.FillMemberInfoPageDetails(MemberInfoPage.java:369)\r\n\tat HealthPages.QuickQuoteInformationPage.FillMemberInfo(QuickQuoteInformationPage.java:79)\r\n\tat HealthPages.QuickQuoteInformationPage.FillTabOfQuickQuote(QuickQuoteInformationPage.java:115)\r\n\tat stepDefination.StepDefination.fillQuickQuoteInformation(StepDefination.java:67)\r\n\tat stepDefination.StepKeyword.executeTestStep(StepKeyword.java:41)\r\n\tat testRunner.TestExecutionSuite.executionSuite(TestExecutionSuite.java:208)\r\n\tat sun.reflect.NativeMethodAccessorImpl.invoke0(Native Method)\r\n\tat sun.reflect.NativeMethodAccessorImpl.invoke(Unknown Source)\r\n\tat sun.reflect.DelegatingMethodAccessorImpl.invoke(Unknown Source)\r\n\tat java.lang.reflect.Method.invoke(Unknown Source)\r\n\tat org.testng.internal.MethodInvocationHelper.invokeMethod(MethodInvocationHelper.java:86)\r\n\tat org.testng.internal.Invoker.invokeMethod(Invoker.java:645)\r\n\tat org.testng.internal.Invoker.invokeTestMethod(Invoker.java:822)\r\n\tat org.testng.internal.Invoker.invokeTestMethods(Invoker.java:1130)\r\n\tat org.testng.internal.TestMethodWorker.invokeTestMethods(TestMethodWorker.java:129)\r\n\tat org.testng.internal.TestMethodWorker.run(TestMethodWorker.java:112)\r\n\tat org.testng.TestRunner.privateRun(TestRunner.java:782)\r\n\tat org.testng.TestRunner.run(TestRunner.java:632)\r\n\tat org.testng.SuiteRunner.runTest(SuiteRunner.java:366)\r\n\tat org.testng.SuiteRunner.access$000(SuiteRunner.java:39)\r\n\tat org.testng.SuiteRunner$SuiteWorker.run(SuiteRunner.java:400)\r\n\tat org.testng.internal.thread.ThreadUtil$2.call(ThreadUtil.java:64)\r\n\tat java.util.concurrent.FutureTask.run(Unknown Source)\r\n\tat java.util.concurrent.ThreadPoolExecutor.runWorker(Unknown Source)\r\n\tat java.util.concurrent.ThreadPoolExecutor$Worker.run(Unknown Source)\r\n\tat java.lang.Thread.run(Unknown Source)\r\n"},"stage":"finished","steps":[],"attachments":[],"parameters":[{"name":"ScriptReference","value":"ActivePolicy"},{"name":"ScenarioID","value":"Health_ArogyaSanjeevani-PolicyCreation_TC_003"},{"name":"Description","value":"Check for below Scenario,\n1) Product Name : Aarogya Sanjeevani\n2) Policy Plan : Family Floater\n3) Business Type : New Business\n4) Members : 3A + 2C  (Self + Spouse + Mother+ Child1 + Child 2)\n5) Highest Member Age Band  :36Y-45Y\n6) Health Loading (Alochol, tobacco, smoking,BMI,Asthma,Diabetes, Hyperlipidemia,Hypothyroidism,Hypertension) : \n7) Health Loading Self :No\n8) Health Loading Spouse :No\n9) Health Loading Mother :No\n10) Health Loading Child :No\n11) Health Loading Child :No\n12) SI :350000\n13) Stamp Duty: (Highest sum insured/1000)* Rs. 0.10/- {Considering that premium for per 1000/- sum insured is more than Rs. 2.50/-}"},{"name":"Product","value":"Arogya_Sanjeevani"},{"name":"TestData_RepositoryFile","value":"TestDataSuite\\0002_TestDataSuite_SBI.xlsx"},{"name":"Module","value":"PolicyCreation"},{"name":"LOB","value":"Health"}],"start":1665826834863,"stop":1665827558745,"uuid":"058ab535-1364-41b0-bfbf-f387cc0764e6","historyId":"5703fcc0f5959e212942dd8fd52afe53","fullName":"testRunner.TestExecutionSuite.executionSuite","labels":[{"name":"package","value":"testRunner.TestExecutionSuite"},{"name":"testClass","value":"testRunner.TestExecutionSuite"},{"name":"testMethod","value":"executionSuite"},{"name":"parentSuite","value":"Health"},{"name":"suite","value":"Health_ArogyaSanjeevani-PolicyCreation_TC_003"},{"name":"subSuite","value":"testRunner.TestExecutionSuite"},{"name":"host","value":"DTGY872S2"},{"name":"thread","value":"15648@DTGY872S2.TestNG(16)"},{"name":"framework","value":"testng"},{"name":"language","value":"java"}],"links":[]}