{"name":"executionSuite","status":"broken","statusDetails":{"known":false,"muted":false,"flaky":false,"message":"Expected condition failed: waiting for visibility of element located by By.tagName: option (tried for 700 second(s) with 500 milliseconds interval)","trace":"org.openqa.selenium.TimeoutException: Expected condition failed: waiting for visibility of element located by By.tagName: option (tried for 700 second(s) with 500 milliseconds interval)\r\n\tat org.openqa.selenium.support.ui.WebDriverWait.timeoutException(WebDriverWait.java:113)\r\n\tat org.openqa.selenium.support.ui.FluentWait.until(FluentWait.java:283)\r\n\tat util.GenericMethods.selectFromDropdownByVisibleText(GenericMethods.java:519)\r\n\tat motorPages.RiskDetailsPage.FillAllRiskDetailsInfo(RiskDetailsPage.java:2148)\r\n\tat motorPages.RiskDetailsPage.FillRiskDetailsPage(RiskDetailsPage.java:2106)\r\n\tat motorPages.MotorQuickQuoteInformationPage.FillMotorQuickQuoteInformation(MotorQuickQuoteInformationPage.java:117)\r\n\tat stepDefination.StepDefination.fillMotorQuickQuoteInformation(StepDefination.java:90)\r\n\tat stepDefination.StepKeyword.executeTestStep(StepKeyword.java:58)\r\n\tat testRunner.TestExecutionSuite.executionSuite(TestExecutionSuite.java:211)\r\n\tat sun.reflect.NativeMethodAccessorImpl.invoke0(Native Method)\r\n\tat sun.reflect.NativeMethodAccessorImpl.invoke(Unknown Source)\r\n\tat sun.reflect.DelegatingMethodAccessorImpl.invoke(Unknown Source)\r\n\tat java.lang.reflect.Method.invoke(Unknown Source)\r\n\tat org.testng.internal.MethodInvocationHelper.invokeMethod(MethodInvocationHelper.java:86)\r\n\tat org.testng.internal.Invoker.invokeMethod(Invoker.java:643)\r\n\tat org.testng.internal.Invoker.invokeTestMethod(Invoker.java:820)\r\n\tat org.testng.internal.Invoker.invokeTestMethods(Invoker.java:1128)\r\n\tat org.testng.internal.TestMethodWorker.invokeTestMethods(TestMethodWorker.java:129)\r\n\tat org.testng.internal.TestMethodWorker.run(TestMethodWorker.java:112)\r\n\tat org.testng.TestRunner.privateRun(TestRunner.java:782)\r\n\tat org.testng.TestRunner.run(TestRunner.java:632)\r\n\tat org.testng.SuiteRunner.runTest(SuiteRunner.java:366)\r\n\tat org.testng.SuiteRunner.access$000(SuiteRunner.java:39)\r\n\tat org.testng.SuiteRunner$SuiteWorker.run(SuiteRunner.java:400)\r\n\tat org.testng.internal.thread.ThreadUtil$2.call(ThreadUtil.java:64)\r\n\tat java.util.concurrent.FutureTask.run(Unknown Source)\r\n\tat java.util.concurrent.ThreadPoolExecutor.runWorker(Unknown Source)\r\n\tat java.util.concurrent.ThreadPoolExecutor$Worker.run(Unknown Source)\r\n\tat java.lang.Thread.run(Unknown Source)\r\nCaused by: org.openqa.selenium.NoSuchElementException: no such element: Unable to locate element: {\"method\":\"css selector\",\"selector\":\"option\"}\n  (Session info: chrome=114.0.5735.110)\nFor documentation on this error, please visit: http://seleniumhq.org/exceptions/no_such_element.html\nBuild info: version: '3.14.0', revision: 'aacccce0', time: '2018-08-02T20:19:58.91Z'\nSystem info: host: 'DTL2261770', ip: '10.22.126.135', os.name: 'Windows 10', os.arch: 'amd64', os.version: '10.0', java.version: '1.8.0_191'\nDriver info: org.openqa.selenium.chrome.ChromeDriver\nCapabilities {acceptInsecureCerts: false, browserName: chrome, browserVersion: 114.0.5735.110, chrome: {chromedriverVersion: 114.0.5735.90 (386bc09e8f4f..., userDataDir: C:\\Users\\70353\\AppData\\Loca...}, goog:chromeOptions: {debuggerAddress: localhost:59038}, javascriptEnabled: true, networkConnectionEnabled: false, pageLoadStrategy: normal, platform: WINDOWS, platformName: WINDOWS, proxy: Proxy(), setWindowRect: true, strictFileInteractability: false, timeouts: {implicit: 0, pageLoad: 300000, script: 30000}, unhandledPromptBehavior: dismiss and notify, webauthn:extension:credBlob: true, webauthn:extension:largeBlob: true, webauthn:extension:minPinLength: true, webauthn:extension:prf: true, webauthn:virtualAuthenticators: true}\nSession ID: 43ebdc7c9954e8b3272ffcadb9db6e5b\n*** Element info: {Using=tag name, value=option}\r\n\tat sun.reflect.GeneratedConstructorAccessor43.newInstance(Unknown Source)\r\n\tat sun.reflect.DelegatingConstructorAccessorImpl.newInstance(Unknown Source)\r\n\tat java.lang.reflect.Constructor.newInstance(Unknown Source)\r\n\tat org.openqa.selenium.remote.http.W3CHttpResponseCodec.createException(W3CHttpResponseCodec.java:187)\r\n\tat org.openqa.selenium.remote.http.W3CHttpResponseCodec.decode(W3CHttpResponseCodec.java:122)\r\n\tat org.openqa.selenium.remote.http.W3CHttpResponseCodec.decode(W3CHttpResponseCodec.java:49)\r\n\tat org.openqa.selenium.remote.HttpCommandExecutor.execute(HttpCommandExecutor.java:158)\r\n\tat org.openqa.selenium.remote.service.DriverCommandExecutor.execute(DriverCommandExecutor.java:83)\r\n\tat org.openqa.selenium.remote.RemoteWebDriver.execute(RemoteWebDriver.java:548)\r\n\tat org.openqa.selenium.remote.RemoteWebElement.execute(RemoteWebElement.java:276)\r\n\tat org.openqa.selenium.remote.RemoteWebElement.findElement(RemoteWebElement.java:179)\r\n\tat org.openqa.selenium.remote.RemoteWebElement.findElementByTagName(RemoteWebElement.java:268)\r\n\tat org.openqa.selenium.By$ByTagName.findElement(By.java:320)\r\n\tat org.openqa.selenium.remote.RemoteWebElement.findElement(RemoteWebElement.java:175)\r\n\tat org.openqa.selenium.support.ui.ExpectedConditions$43.apply(ExpectedConditions.java:1312)\r\n\tat org.openqa.selenium.support.ui.ExpectedConditions$43.apply(ExpectedConditions.java:1308)\r\n\tat org.openqa.selenium.support.ui.FluentWait.until(FluentWait.java:260)\r\n\t... 27 more\r\n"},"stage":"finished","steps":[],"attachments":[],"parameters":[{"name":"ScriptReference","value":"ActiveNSTPPolicyForMotor"},{"name":"ScenarioID","value":"Motor_TwoWheeler-PolicyCreation_TC_011"},{"name":"Description","value":"To verify that Policy Creation for Two Wheeler  Package  Product(STP) : \nPolicy Tenure :1Year.\nPolicy Plan:OD\nBusiness Type : Rollover\nVehicle Type: Two Wheeler.\nVehicle Make: \nVehicle Model: \nCubic Capcity Exceeding 150 cc but not exceeding 350 cc \nVehicle Age:  Exceeding 15 years \nPolicy Inception Date : Current Date \nDate Of Registration   :  Current Date -360 Days\nRTO Zone: A\nFuel Type: CNG (External Kit)\nCover: All(STP + NSTP)\nGST:  CGST & UGST\nCollection Mode:CD-IMD"},{"name":"Product","value":"Two_Wheeler"},{"name":"TestData_RepositoryFile","value":"TestDataSuite\\0002_MotorTestDataSuite_SBI.xlsx"},{"name":"Module","value":"Policy Creation "},{"name":"LOB","value":"Motor"}],"start":1686217727469,"stop":1686219216824,"uuid":"6c863a43-8d9e-4f15-a296-261fdda4194e","historyId":"253a0bdda2b74e5e1666ea3cf22d9e69","fullName":"testRunner.TestExecutionSuite.executionSuite","labels":[{"name":"package","value":"testRunner.TestExecutionSuite"},{"name":"testClass","value":"testRunner.TestExecutionSuite"},{"name":"testMethod","value":"executionSuite"},{"name":"parentSuite","value":"Motor"},{"name":"suite","value":"Motor_TwoWheeler-PolicyCreation_TC_011"},{"name":"subSuite","value":"testRunner.TestExecutionSuite"},{"name":"host","value":"DTL2261770"},{"name":"thread","value":"23448@DTL2261770.TestNG(16)"},{"name":"framework","value":"testng"},{"name":"language","value":"java"}],"links":[]}