{"name":"executionSuite","status":"broken","statusDetails":{"known":false,"muted":false,"flaky":false,"message":" Error In Member Info Page  ---> java.lang.Exception: Error In Medical Rating Details Page On Member Infoorg.openqa.selenium.NoSuchElementException: no such element: Unable to locate element: {\"method\":\"xpath\",\"selector\":\"(//input[@id='ICD Code']//following::list-item[contains(text(),'G93.2~')])[1]\"}\n  (Session info: chrome=112.0.5615.138)\nFor documentation on this error, please visit: http://seleniumhq.org/exceptions/no_such_element.html\nBuild info: version: '3.14.0', revision: 'aacccce0', time: '2018-08-02T20:19:58.91Z'\nSystem info: host: 'DTL2261770', ip: '10.22.126.135', os.name: 'Windows 10', os.arch: 'amd64', os.version: '10.0', java.version: '1.8.0_191'\nDriver info: org.openqa.selenium.chrome.ChromeDriver\nCapabilities {acceptInsecureCerts: false, browserName: chrome, browserVersion: 112.0.5615.138, chrome: {chromedriverVersion: 112.0.5615.49 (bd2a7bcb881c..., userDataDir: C:\\Users\\70353\\AppData\\Loca...}, goog:chromeOptions: {debuggerAddress: localhost:55129}, javascriptEnabled: true, networkConnectionEnabled: false, pageLoadStrategy: normal, platform: WINDOWS, platformName: WINDOWS, proxy: Proxy(), setWindowRect: true, strictFileInteractability: false, timeouts: {implicit: 0, pageLoad: 300000, script: 30000}, unhandledPromptBehavior: dismiss and notify, webauthn:extension:credBlob: true, webauthn:extension:largeBlob: true, webauthn:extension:minPinLength: true, webauthn:extension:prf: true, webauthn:virtualAuthenticators: true}\nSession ID: c6d111f36d0e3ea00100f03532debb80\n*** Element info: {Using=xpath, value=(//input[@id='ICD Code']//following::list-item[contains(text(),'G93.2~')])[1]}","trace":"java.lang.Exception:  Error In Member Info Page  ---> java.lang.Exception: Error In Medical Rating Details Page On Member Infoorg.openqa.selenium.NoSuchElementException: no such element: Unable to locate element: {\"method\":\"xpath\",\"selector\":\"(//input[@id='ICD Code']//following::list-item[contains(text(),'G93.2~')])[1]\"}\n  (Session info: chrome=112.0.5615.138)\nFor documentation on this error, please visit: http://seleniumhq.org/exceptions/no_such_element.html\nBuild info: version: '3.14.0', revision: 'aacccce0', time: '2018-08-02T20:19:58.91Z'\nSystem info: host: 'DTL2261770', ip: '10.22.126.135', os.name: 'Windows 10', os.arch: 'amd64', os.version: '10.0', java.version: '1.8.0_191'\nDriver info: org.openqa.selenium.chrome.ChromeDriver\nCapabilities {acceptInsecureCerts: false, browserName: chrome, browserVersion: 112.0.5615.138, chrome: {chromedriverVersion: 112.0.5615.49 (bd2a7bcb881c..., userDataDir: C:\\Users\\70353\\AppData\\Loca...}, goog:chromeOptions: {debuggerAddress: localhost:55129}, javascriptEnabled: true, networkConnectionEnabled: false, pageLoadStrategy: normal, platform: WINDOWS, platformName: WINDOWS, proxy: Proxy(), setWindowRect: true, strictFileInteractability: false, timeouts: {implicit: 0, pageLoad: 300000, script: 30000}, unhandledPromptBehavior: dismiss and notify, webauthn:extension:credBlob: true, webauthn:extension:largeBlob: true, webauthn:extension:minPinLength: true, webauthn:extension:prf: true, webauthn:virtualAuthenticators: true}\nSession ID: c6d111f36d0e3ea00100f03532debb80\n*** Element info: {Using=xpath, value=(//input[@id='ICD Code']//following::list-item[contains(text(),'G93.2~')])[1]}\r\n\tat HealthPages.MemberInfoPage.FillMemberInfoPageDetails(MemberInfoPage.java:734)\r\n\tat HealthPages.QuickQuoteInformationPage.FillMemberInfo(QuickQuoteInformationPage.java:171)\r\n\tat HealthPages.QuickQuoteInformationPage.FillTabOfQuickQuote(QuickQuoteInformationPage.java:247)\r\n\tat stepDefination.StepDefination.fillQuickQuoteInformation(StepDefination.java:69)\r\n\tat stepDefination.StepKeyword.executeTestStep(StepKeyword.java:41)\r\n\tat testRunner.TestExecutionSuite.executionSuite(TestExecutionSuite.java:208)\r\n\tat sun.reflect.NativeMethodAccessorImpl.invoke0(Native Method)\r\n\tat sun.reflect.NativeMethodAccessorImpl.invoke(Unknown Source)\r\n\tat sun.reflect.DelegatingMethodAccessorImpl.invoke(Unknown Source)\r\n\tat java.lang.reflect.Method.invoke(Unknown Source)\r\n\tat org.testng.internal.MethodInvocationHelper.invokeMethod(MethodInvocationHelper.java:86)\r\n\tat org.testng.internal.Invoker.invokeMethod(Invoker.java:643)\r\n\tat org.testng.internal.Invoker.invokeTestMethod(Invoker.java:820)\r\n\tat org.testng.internal.Invoker.invokeTestMethods(Invoker.java:1128)\r\n\tat org.testng.internal.TestMethodWorker.invokeTestMethods(TestMethodWorker.java:129)\r\n\tat org.testng.internal.TestMethodWorker.run(TestMethodWorker.java:112)\r\n\tat org.testng.TestRunner.privateRun(TestRunner.java:782)\r\n\tat org.testng.TestRunner.run(TestRunner.java:632)\r\n\tat org.testng.SuiteRunner.runTest(SuiteRunner.java:366)\r\n\tat org.testng.SuiteRunner.access$000(SuiteRunner.java:39)\r\n\tat org.testng.SuiteRunner$SuiteWorker.run(SuiteRunner.java:400)\r\n\tat org.testng.internal.thread.ThreadUtil$2.call(ThreadUtil.java:64)\r\n\tat java.util.concurrent.FutureTask.run(Unknown Source)\r\n\tat java.util.concurrent.ThreadPoolExecutor.runWorker(Unknown Source)\r\n\tat java.util.concurrent.ThreadPoolExecutor$Worker.run(Unknown Source)\r\n\tat java.lang.Thread.run(Unknown Source)\r\n"},"stage":"finished","steps":[],"attachments":[],"parameters":[{"name":"ScriptReference","value":"ActivePolicyForCounterOfferAfterUWR"},{"name":"ScenarioID","value":"Health_ArogyaSanjeevani-NSTP_TC_028"},{"name":"Description","value":"To check the  NSTP flow for  Issue Proposal  for Family Floater  Policy when trigger to UWR bucket when  proposed insured person/s  Questionarrie.\nPolicy Plan Family Floater\nBusiness Type New Business\nMembers :3A\nemployee discount : yes\nMember Age M1: 35Y\nMember Age M2: 23Y\nMember Age M3: 22Y\nSI : 500000\nQuestionarrier: 1.1. Do you suffer from any pre-existing illness? Yes/ No\n\nMember 1:Arthritis-Accept\nMember 2:Gout-Accept with PED\nMember 3:Vericose veins-Accept with PED and loading(10%)\n\nLevel 1:OPS\nLevel 2:UWR\n    M1 : Cronic Disease - No, Source PED: Proporsal form, waiting period - 0\n    M2 : Cronic Disease - Yes, Source PED: Proporsal form, waiting period - 12\n    M3 : Cronic Disease - No, Source PED: Proporsal form, waiting period - 24, Loading %  - 10\nLevel 3:COL-OPS\nCollection Mode = Cheque\n\nOps->Refer to UWR-> Accept; Accept with PED; Accept with PED and loading-> COL->OPS-> COL Accept-> Loading Payment-> Policy Issuance"},{"name":"Product","value":"Arogya_Sanjeevani"},{"name":"TestData_RepositoryFile","value":"TestDataSuite\\0002_HealthTestDataSuite_SBI.xlsx"},{"name":"Module","value":"UWR"},{"name":"LOB","value":"Health"}],"start":1682499707920,"stop":1682499937563,"uuid":"731bd9ee-ead9-4184-9836-4e65a3e10a2e","historyId":"5e92a95497a81ec85eb4abd859602e9b","fullName":"testRunner.TestExecutionSuite.executionSuite","labels":[{"name":"package","value":"testRunner.TestExecutionSuite"},{"name":"testClass","value":"testRunner.TestExecutionSuite"},{"name":"testMethod","value":"executionSuite"},{"name":"parentSuite","value":"Health"},{"name":"suite","value":"Health_ArogyaSanjeevani-NSTP_TC_028"},{"name":"subSuite","value":"testRunner.TestExecutionSuite"},{"name":"host","value":"DTL2261770"},{"name":"thread","value":"15968@DTL2261770.TestNG(19)"},{"name":"framework","value":"testng"},{"name":"language","value":"java"}],"links":[]}