{"name":"executionSuite","status":"broken","statusDetails":{"known":false,"muted":false,"flaky":false,"message":" Error In Member Info Page  ---> org.openqa.selenium.ElementClickInterceptedException: element click intercepted: Element is not clickable at point (78, 577)\n  (Session info: chrome=112.0.5615.138)\nBuild info: version: '3.14.0', revision: 'aacccce0', time: '2018-08-02T20:19:58.91Z'\nSystem info: host: 'DTL2261770', ip: '10.22.126.135', os.name: 'Windows 10', os.arch: 'amd64', os.version: '10.0', java.version: '1.8.0_191'\nDriver info: org.openqa.selenium.chrome.ChromeDriver\nCapabilities {acceptInsecureCerts: false, browserName: chrome, browserVersion: 112.0.5615.138, chrome: {chromedriverVersion: 112.0.5615.49 (bd2a7bcb881c..., userDataDir: C:\\Users\\70353\\AppData\\Loca...}, goog:chromeOptions: {debuggerAddress: localhost:51715}, javascriptEnabled: true, networkConnectionEnabled: false, pageLoadStrategy: normal, platform: WINDOWS, platformName: WINDOWS, proxy: Proxy(), setWindowRect: true, strictFileInteractability: false, timeouts: {implicit: 0, pageLoad: 300000, script: 30000}, unhandledPromptBehavior: dismiss and notify, webauthn:extension:credBlob: true, webauthn:extension:largeBlob: true, webauthn:extension:minPinLength: true, webauthn:extension:prf: true, webauthn:virtualAuthenticators: true}\nSession ID: 6cd333936d54cf6cb82404ef023fac2f","trace":"java.lang.Exception:  Error In Member Info Page  ---> org.openqa.selenium.ElementClickInterceptedException: element click intercepted: Element is not clickable at point (78, 577)\n  (Session info: chrome=112.0.5615.138)\nBuild info: version: '3.14.0', revision: 'aacccce0', time: '2018-08-02T20:19:58.91Z'\nSystem info: host: 'DTL2261770', ip: '10.22.126.135', os.name: 'Windows 10', os.arch: 'amd64', os.version: '10.0', java.version: '1.8.0_191'\nDriver info: org.openqa.selenium.chrome.ChromeDriver\nCapabilities {acceptInsecureCerts: false, browserName: chrome, browserVersion: 112.0.5615.138, chrome: {chromedriverVersion: 112.0.5615.49 (bd2a7bcb881c..., userDataDir: C:\\Users\\70353\\AppData\\Loca...}, goog:chromeOptions: {debuggerAddress: localhost:51715}, javascriptEnabled: true, networkConnectionEnabled: false, pageLoadStrategy: normal, platform: WINDOWS, platformName: WINDOWS, proxy: Proxy(), setWindowRect: true, strictFileInteractability: false, timeouts: {implicit: 0, pageLoad: 300000, script: 30000}, unhandledPromptBehavior: dismiss and notify, webauthn:extension:credBlob: true, webauthn:extension:largeBlob: true, webauthn:extension:minPinLength: true, webauthn:extension:prf: true, webauthn:virtualAuthenticators: true}\nSession ID: 6cd333936d54cf6cb82404ef023fac2f\r\n\tat HealthPages.MemberInfoPage.FillMemberInfoPageDetails(MemberInfoPage.java:732)\r\n\tat HealthPages.QuickQuoteInformationPage.FillMemberInfo(QuickQuoteInformationPage.java:171)\r\n\tat HealthPages.QuickQuoteInformationPage.FillTabOfQuickQuote(QuickQuoteInformationPage.java:247)\r\n\tat stepDefination.StepDefination.fillQuickQuoteInformation(StepDefination.java:69)\r\n\tat stepDefination.StepKeyword.executeTestStep(StepKeyword.java:41)\r\n\tat testRunner.TestExecutionSuite.executionSuite(TestExecutionSuite.java:208)\r\n\tat sun.reflect.NativeMethodAccessorImpl.invoke0(Native Method)\r\n\tat sun.reflect.NativeMethodAccessorImpl.invoke(Unknown Source)\r\n\tat sun.reflect.DelegatingMethodAccessorImpl.invoke(Unknown Source)\r\n\tat java.lang.reflect.Method.invoke(Unknown Source)\r\n\tat org.testng.internal.MethodInvocationHelper.invokeMethod(MethodInvocationHelper.java:86)\r\n\tat org.testng.internal.Invoker.invokeMethod(Invoker.java:643)\r\n\tat org.testng.internal.Invoker.invokeTestMethod(Invoker.java:820)\r\n\tat org.testng.internal.Invoker.invokeTestMethods(Invoker.java:1128)\r\n\tat org.testng.internal.TestMethodWorker.invokeTestMethods(TestMethodWorker.java:129)\r\n\tat org.testng.internal.TestMethodWorker.run(TestMethodWorker.java:112)\r\n\tat org.testng.TestRunner.privateRun(TestRunner.java:782)\r\n\tat org.testng.TestRunner.run(TestRunner.java:632)\r\n\tat org.testng.SuiteRunner.runTest(SuiteRunner.java:366)\r\n\tat org.testng.SuiteRunner.access$000(SuiteRunner.java:39)\r\n\tat org.testng.SuiteRunner$SuiteWorker.run(SuiteRunner.java:400)\r\n\tat org.testng.internal.thread.ThreadUtil$2.call(ThreadUtil.java:64)\r\n\tat java.util.concurrent.FutureTask.run(Unknown Source)\r\n\tat java.util.concurrent.ThreadPoolExecutor.runWorker(Unknown Source)\r\n\tat java.util.concurrent.ThreadPoolExecutor$Worker.run(Unknown Source)\r\n\tat java.lang.Thread.run(Unknown Source)\r\n"},"stage":"finished","steps":[],"attachments":[],"parameters":[{"name":"ScriptReference","value":"ActivePolicy"},{"name":"ScenarioID","value":"Health_ArogyaSanjeevani-PolicyCreation_TC_024"},{"name":"Description","value":"Check for below Scenario from Application Data Capture,\nProduct Name : Aarogya Sanjeevani\nPolicy Plan : Family floater\nBusiness Type : New Business\nMembers : 2A+3C=14(Self)\nSI=100000\nHighest age bandfor 2A+3C=36Y-45Y\nAge band for additional is between 3 months to 18 Year\nDiscount= Employee discount(5%)\nHealth Loading (Alochol, tobacco, smoking,BMI,Asthma,Diabetes, Hyperlipidemia,Hypothyroidism,Hypertension) :\nHealth Loading Self :No\nHealth Loading Spouse : No\nHealth Loading Mother : No\ncollection mode= Demand Draft"},{"name":"Product","value":"Arogya_Sanjeevani"},{"name":"TestData_RepositoryFile","value":"TestDataSuite\\0002_HealthTestDataSuite_SBI.xlsx"},{"name":"Module","value":"PolicyCreation"},{"name":"LOB","value":"Health"}],"start":1682597347777,"stop":1682597926551,"uuid":"af6a7605-625e-4265-9250-4b3d7d82688e","historyId":"e8fe21fab34000217a7710e62d981220","fullName":"testRunner.TestExecutionSuite.executionSuite","labels":[{"name":"package","value":"testRunner.TestExecutionSuite"},{"name":"testClass","value":"testRunner.TestExecutionSuite"},{"name":"testMethod","value":"executionSuite"},{"name":"parentSuite","value":"Health"},{"name":"suite","value":"Health_ArogyaSanjeevani-PolicyCreation_TC_024"},{"name":"subSuite","value":"testRunner.TestExecutionSuite"},{"name":"host","value":"DTL2261770"},{"name":"thread","value":"13972@DTL2261770.TestNG(19)"},{"name":"framework","value":"testng"},{"name":"language","value":"java"}],"links":[]}