{"name":"executionSuite","status":"broken","statusDetails":{"known":false,"muted":false,"flaky":false,"message":" Error In Member Info Page  ---> java.lang.Exception: Error In Medical Rating Details Page On Member Infoorg.openqa.selenium.NoSuchElementException: no such element: Unable to locate element: {\"method\":\"xpath\",\"selector\":\"//*[@id='mat-expansion-panel-header-0']//following::table[1]//thead/tr/th[11]//a[1]\"}\n  (Session info: chrome=112.0.5615.138)\nFor documentation on this error, please visit: http://seleniumhq.org/exceptions/no_such_element.html\nBuild info: version: '3.14.0', revision: 'aacccce0', time: '2018-08-02T20:19:58.91Z'\nSystem info: host: 'DTL2261770', ip: '10.22.126.135', os.name: 'Windows 10', os.arch: 'amd64', os.version: '10.0', java.version: '1.8.0_191'\nDriver info: org.openqa.selenium.chrome.ChromeDriver\nCapabilities {acceptInsecureCerts: false, browserName: chrome, browserVersion: 112.0.5615.138, chrome: {chromedriverVersion: 112.0.5615.49 (bd2a7bcb881c..., userDataDir: C:\\Users\\70353\\AppData\\Loca...}, goog:chromeOptions: {debuggerAddress: localhost:54638}, javascriptEnabled: true, networkConnectionEnabled: false, pageLoadStrategy: normal, platform: WINDOWS, platformName: WINDOWS, proxy: Proxy(), setWindowRect: true, strictFileInteractability: false, timeouts: {implicit: 0, pageLoad: 300000, script: 30000}, unhandledPromptBehavior: dismiss and notify, webauthn:extension:credBlob: true, webauthn:extension:largeBlob: true, webauthn:extension:minPinLength: true, webauthn:extension:prf: true, webauthn:virtualAuthenticators: true}\nSession ID: c87939ca7af05bfb7ff63cd84e75da7c\n*** Element info: {Using=xpath, value=//*[@id='mat-expansion-panel-header-0']//following::table[1]//thead/tr/th[11]//a[1]}","trace":"java.lang.Exception:  Error In Member Info Page  ---> java.lang.Exception: Error In Medical Rating Details Page On Member Infoorg.openqa.selenium.NoSuchElementException: no such element: Unable to locate element: {\"method\":\"xpath\",\"selector\":\"//*[@id='mat-expansion-panel-header-0']//following::table[1]//thead/tr/th[11]//a[1]\"}\n  (Session info: chrome=112.0.5615.138)\nFor documentation on this error, please visit: http://seleniumhq.org/exceptions/no_such_element.html\nBuild info: version: '3.14.0', revision: 'aacccce0', time: '2018-08-02T20:19:58.91Z'\nSystem info: host: 'DTL2261770', ip: '10.22.126.135', os.name: 'Windows 10', os.arch: 'amd64', os.version: '10.0', java.version: '1.8.0_191'\nDriver info: org.openqa.selenium.chrome.ChromeDriver\nCapabilities {acceptInsecureCerts: false, browserName: chrome, browserVersion: 112.0.5615.138, chrome: {chromedriverVersion: 112.0.5615.49 (bd2a7bcb881c..., userDataDir: C:\\Users\\70353\\AppData\\Loca...}, goog:chromeOptions: {debuggerAddress: localhost:54638}, javascriptEnabled: true, networkConnectionEnabled: false, pageLoadStrategy: normal, platform: WINDOWS, platformName: WINDOWS, proxy: Proxy(), setWindowRect: true, strictFileInteractability: false, timeouts: {implicit: 0, pageLoad: 300000, script: 30000}, unhandledPromptBehavior: dismiss and notify, webauthn:extension:credBlob: true, webauthn:extension:largeBlob: true, webauthn:extension:minPinLength: true, webauthn:extension:prf: true, webauthn:virtualAuthenticators: true}\nSession ID: c87939ca7af05bfb7ff63cd84e75da7c\n*** Element info: {Using=xpath, value=//*[@id='mat-expansion-panel-header-0']//following::table[1]//thead/tr/th[11]//a[1]}\r\n\tat HealthPages.MemberInfoPage.FillMemberInfoPageDetails(MemberInfoPage.java:734)\r\n\tat HealthPages.QuickQuoteInformationPage.FillMemberInfo(QuickQuoteInformationPage.java:171)\r\n\tat HealthPages.QuickQuoteInformationPage.FillTabOfQuickQuote(QuickQuoteInformationPage.java:247)\r\n\tat stepDefination.StepDefination.fillQuickQuoteInformation(StepDefination.java:69)\r\n\tat stepDefination.StepKeyword.executeTestStep(StepKeyword.java:41)\r\n\tat testRunner.TestExecutionSuite.executionSuite(TestExecutionSuite.java:208)\r\n\tat sun.reflect.GeneratedMethodAccessor31.invoke(Unknown Source)\r\n\tat sun.reflect.DelegatingMethodAccessorImpl.invoke(Unknown Source)\r\n\tat java.lang.reflect.Method.invoke(Unknown Source)\r\n\tat org.testng.internal.MethodInvocationHelper.invokeMethod(MethodInvocationHelper.java:86)\r\n\tat org.testng.internal.Invoker.invokeMethod(Invoker.java:643)\r\n\tat org.testng.internal.Invoker.invokeTestMethod(Invoker.java:820)\r\n\tat org.testng.internal.Invoker.invokeTestMethods(Invoker.java:1128)\r\n\tat org.testng.internal.TestMethodWorker.invokeTestMethods(TestMethodWorker.java:129)\r\n\tat org.testng.internal.TestMethodWorker.run(TestMethodWorker.java:112)\r\n\tat org.testng.TestRunner.privateRun(TestRunner.java:782)\r\n\tat org.testng.TestRunner.run(TestRunner.java:632)\r\n\tat org.testng.SuiteRunner.runTest(SuiteRunner.java:366)\r\n\tat org.testng.SuiteRunner.access$000(SuiteRunner.java:39)\r\n\tat org.testng.SuiteRunner$SuiteWorker.run(SuiteRunner.java:400)\r\n\tat org.testng.internal.thread.ThreadUtil$2.call(ThreadUtil.java:64)\r\n\tat java.util.concurrent.FutureTask.run(Unknown Source)\r\n\tat java.util.concurrent.ThreadPoolExecutor.runWorker(Unknown Source)\r\n\tat java.util.concurrent.ThreadPoolExecutor$Worker.run(Unknown Source)\r\n\tat java.lang.Thread.run(Unknown Source)\r\n"},"stage":"finished","steps":[],"attachments":[],"parameters":[{"name":"ScriptReference","value":"CounterOfferAndActivePolicy"},{"name":"ScenarioID","value":"Health_ArogyaSanjeevani-BV_TC_027"},{"name":"Description","value":"Check for below Scenario from Application Data Capture\nScenario:Verify  the  Member level loading for family non floater policy\n1) Product Name : Aarogya Plus\n2) Policy Plan : Family non  Floater\n3) Business Type : New Business\n4) Members : 1A+2C (Self + Child 1 + Child 2)\n5) Highest Highest Member Age Band  :  44Y\nM1 : Self : 44Y ,SI : 1Lac,Gout_Quetionary=Smoking=5%\nM2 : Child 1 : 1Y: SI 1 Lac,_all type of fracture\nM3 : Child 2 : 2Y : SI 1Lac,\nLevel 1: Refer to UWR\nM1=98%\nM2=100%\n\n7)Trigger point: System should restrict M1 member as loading is grater than 100% \n8) VP: System should trigger an validation message"},{"name":"Product","value":"Arogya_Sanjeevani"},{"name":"TestData_RepositoryFile","value":"TestDataSuite\\0002_HealthTestDataSuite_SBI.xlsx"},{"name":"Module","value":"Business Validation"},{"name":"LOB","value":"Health"}],"start":1682417691544,"stop":1682418735731,"uuid":"be9c39a4-d7e8-4e5d-a3b3-d4a10598694b","historyId":"60945552b2f9124dbf7f6a21a62500d3","fullName":"testRunner.TestExecutionSuite.executionSuite","labels":[{"name":"package","value":"testRunner.TestExecutionSuite"},{"name":"testClass","value":"testRunner.TestExecutionSuite"},{"name":"testMethod","value":"executionSuite"},{"name":"parentSuite","value":"Health"},{"name":"suite","value":"Health_ArogyaSanjeevani-BV_TC_027"},{"name":"subSuite","value":"testRunner.TestExecutionSuite"},{"name":"host","value":"DTL2261770"},{"name":"thread","value":"13116@DTL2261770.TestNG(17)"},{"name":"framework","value":"testng"},{"name":"language","value":"java"}],"links":[]}