{"name":"executionSuite","status":"broken","statusDetails":{"known":false,"muted":false,"flaky":false,"message":" Error In Member Info Page  ---> org.openqa.selenium.TimeoutException: Expected condition failed: waiting for util.GenericMethods$4@4b1197fe (tried for 30 second(s) with 100 milliseconds interval)\nBuild info: version: '3.14.0', revision: 'aacccce0', time: '2018-08-02T20:19:58.91Z'\nSystem info: host: 'DTL2261770', ip: '10.22.126.135', os.name: 'Windows 10', os.arch: 'amd64', os.version: '10.0', java.version: '1.8.0_191'\nDriver info: org.openqa.selenium.chrome.ChromeDriver\nCapabilities {acceptInsecureCerts: false, browserName: chrome, browserVersion: 112.0.5615.138, chrome: {chromedriverVersion: 112.0.5615.49 (bd2a7bcb881c..., userDataDir: C:\\Users\\70353\\AppData\\Loca...}, goog:chromeOptions: {debuggerAddress: localhost:60115}, javascriptEnabled: true, networkConnectionEnabled: false, pageLoadStrategy: normal, platform: WINDOWS, platformName: WINDOWS, proxy: Proxy(), setWindowRect: true, strictFileInteractability: false, timeouts: {implicit: 0, pageLoad: 300000, script: 30000}, unhandledPromptBehavior: dismiss and notify, webauthn:extension:credBlob: true, webauthn:extension:largeBlob: true, webauthn:extension:minPinLength: true, webauthn:extension:prf: true, webauthn:virtualAuthenticators: true}\nSession ID: deb260f92c39a48d39bfe7dee76f21f1","trace":"java.lang.Exception:  Error In Member Info Page  ---> org.openqa.selenium.TimeoutException: Expected condition failed: waiting for util.GenericMethods$4@4b1197fe (tried for 30 second(s) with 100 milliseconds interval)\nBuild info: version: '3.14.0', revision: 'aacccce0', time: '2018-08-02T20:19:58.91Z'\nSystem info: host: 'DTL2261770', ip: '10.22.126.135', os.name: 'Windows 10', os.arch: 'amd64', os.version: '10.0', java.version: '1.8.0_191'\nDriver info: org.openqa.selenium.chrome.ChromeDriver\nCapabilities {acceptInsecureCerts: false, browserName: chrome, browserVersion: 112.0.5615.138, chrome: {chromedriverVersion: 112.0.5615.49 (bd2a7bcb881c..., userDataDir: C:\\Users\\70353\\AppData\\Loca...}, goog:chromeOptions: {debuggerAddress: localhost:60115}, javascriptEnabled: true, networkConnectionEnabled: false, pageLoadStrategy: normal, platform: WINDOWS, platformName: WINDOWS, proxy: Proxy(), setWindowRect: true, strictFileInteractability: false, timeouts: {implicit: 0, pageLoad: 300000, script: 30000}, unhandledPromptBehavior: dismiss and notify, webauthn:extension:credBlob: true, webauthn:extension:largeBlob: true, webauthn:extension:minPinLength: true, webauthn:extension:prf: true, webauthn:virtualAuthenticators: true}\nSession ID: deb260f92c39a48d39bfe7dee76f21f1\r\n\tat HealthPages.MemberInfoPage.FillMemberInfoPageDetails(MemberInfoPage.java:734)\r\n\tat HealthPages.QuickQuoteInformationPage.FillMemberInfo(QuickQuoteInformationPage.java:171)\r\n\tat HealthPages.QuickQuoteInformationPage.FillTabOfQuickQuote(QuickQuoteInformationPage.java:247)\r\n\tat stepDefination.StepDefination.fillQuickQuoteInformation(StepDefination.java:69)\r\n\tat stepDefination.StepKeyword.executeTestStep(StepKeyword.java:41)\r\n\tat testRunner.TestExecutionSuite.executionSuite(TestExecutionSuite.java:208)\r\n\tat sun.reflect.NativeMethodAccessorImpl.invoke0(Native Method)\r\n\tat sun.reflect.NativeMethodAccessorImpl.invoke(Unknown Source)\r\n\tat sun.reflect.DelegatingMethodAccessorImpl.invoke(Unknown Source)\r\n\tat java.lang.reflect.Method.invoke(Unknown Source)\r\n\tat org.testng.internal.MethodInvocationHelper.invokeMethod(MethodInvocationHelper.java:86)\r\n\tat org.testng.internal.Invoker.invokeMethod(Invoker.java:643)\r\n\tat org.testng.internal.Invoker.invokeTestMethod(Invoker.java:820)\r\n\tat org.testng.internal.Invoker.invokeTestMethods(Invoker.java:1128)\r\n\tat org.testng.internal.TestMethodWorker.invokeTestMethods(TestMethodWorker.java:129)\r\n\tat org.testng.internal.TestMethodWorker.run(TestMethodWorker.java:112)\r\n\tat org.testng.TestRunner.privateRun(TestRunner.java:782)\r\n\tat org.testng.TestRunner.run(TestRunner.java:632)\r\n\tat org.testng.SuiteRunner.runTest(SuiteRunner.java:366)\r\n\tat org.testng.SuiteRunner.access$000(SuiteRunner.java:39)\r\n\tat org.testng.SuiteRunner$SuiteWorker.run(SuiteRunner.java:400)\r\n\tat org.testng.internal.thread.ThreadUtil$2.call(ThreadUtil.java:64)\r\n\tat java.util.concurrent.FutureTask.run(Unknown Source)\r\n\tat java.util.concurrent.ThreadPoolExecutor.runWorker(Unknown Source)\r\n\tat java.util.concurrent.ThreadPoolExecutor$Worker.run(Unknown Source)\r\n\tat java.lang.Thread.run(Unknown Source)\r\n"},"stage":"finished","steps":[],"attachments":[],"parameters":[{"name":"ScriptReference","value":"ActivePolicyForCounterOfferAfterUWR"},{"name":"ScenarioID","value":"Health_ArogyaSanjeevani-NSTP_TC_024"},{"name":"Description","value":"To verify the counter offer  for  Family Non floater Policy  with below details \nProduct Name : Aarogya Sanjeevani\nPolicy Plan : Family non Floater \nBusiness Type : New Business\nMembers : 2A+3C(Self + Spouse+ child1/2/3)\nemployee discount : NO\nM1 age_36 years\nM2 age_28 years\nM3 age_18 years\nM4 age_9 Years\nM5 age_91 days\nM1:  Accept with PED (Acute Gastroenteritis/Dysentry)(No loading)\nM2:  Accept with Exclusion (Cataract/ Opertated for eye disease)(No loading)\nM3:  Accept with PED and Special Condition (Corona prior to more than 90 days)(No loading)\nM4:  Reject(Hepatitis B/C)(No lading)\nM5: Accept \nSI : 400000\nLevel 1: Refer To UWR\n       M1 : Cronic Disease - No, Source PED: Proporsal form, waiting period - 0\n       M2 : Cronic Disease - Yes, Source PED: Proporsal form, waiting period - 12\n       M3 : Cronic Disease - Yes, Source PED: Proporsal form, waiting period - 36\nLevel 2: Counter offer\nLevel 3: Active\nCollection Mode = Cheque\ntaxes = UGST"},{"name":"Product","value":"Arogya_Sanjeevani"},{"name":"TestData_RepositoryFile","value":"TestDataSuite\\0002_HealthTestDataSuite_SBI.xlsx"},{"name":"Module","value":"COL"},{"name":"LOB","value":"Health"}],"start":1682407059518,"stop":1682407981877,"uuid":"e271c937-f43c-474d-af69-32f7e0eae857","historyId":"fcbe53485968f91284d1fdac8cd00715","fullName":"testRunner.TestExecutionSuite.executionSuite","labels":[{"name":"package","value":"testRunner.TestExecutionSuite"},{"name":"testClass","value":"testRunner.TestExecutionSuite"},{"name":"testMethod","value":"executionSuite"},{"name":"parentSuite","value":"Health"},{"name":"suite","value":"Health_ArogyaSanjeevani-NSTP_TC_024"},{"name":"subSuite","value":"testRunner.TestExecutionSuite"},{"name":"host","value":"DTL2261770"},{"name":"thread","value":"2940@DTL2261770.TestNG(17)"},{"name":"framework","value":"testng"},{"name":"language","value":"java"}],"links":[]}